#
# There is insufficient memory for the Java Runtime Environment to continue.
# Native memory allocation (mmap) failed to map 132120576 bytes. Error detail: G1 virtual space
# Possible reasons:
#   The system is out of physical RAM or swap space
#   This process is running with CompressedOops enabled, and the Java Heap may be blocking the growth of the native heap
# Possible solutions:
#   Reduce memory load on the system
#   Increase physical memory or swap space
#   Check if swap backing store is full
#   Decrease Java heap size (-Xmx/-Xms)
#   Decrease number of Java threads
#   Decrease Java thread stack sizes (-Xss)
#   Set larger code cache with -XX:ReservedCodeCacheSize=
#   JVM is running with Unscaled Compressed Oops mode in which the Java heap is
#     placed in the first 4GB address space. The Java Heap base address is the
#     maximum limit for the native heap growth. Please use -XX:HeapBaseMinAddress
#     to set the Java Heap base and to place the Java Heap above 4GB virtual address.
# This output file may be truncated or incomplete.
#
#  Out of Memory Error (os_windows.cpp:3828), pid=14108, tid=13212
#
# JRE version:  (21.0.4) (build )
# Java VM: OpenJDK 64-Bit Server VM (21.0.4+-12508038-b607.1, mixed mode, sharing, tiered, compressed oops, compressed class ptrs, g1 gc, windows-amd64)
# No core dump will be written. Minidumps are not enabled by default on client versions of Windows
#

---------------  S U M M A R Y ------------

Command Line: git4idea.http.GitAskPassApp Username for 'https://github.com': 

Host: Intel(R) Core(TM) i5-9300H CPU @ 2.40GHz, 8 cores, 7G,  Windows 10 , 64 bit Build 19041 (10.0.19041.5440)
Time: Tue Feb 11 14:39:54 2025 RTZ 6 (s 10 , 64 bit Build 19041 (10.0.19041.5440) elapsed time: 0.039962 seconds (0d 0h 0m 0s)

---------------  T H R E A D  ---------------

Current thread (0x000001568df43890):  JavaThread "Unknown thread" [_thread_in_vm, id=13212, stack(0x000000503f700000,0x000000503f800000) (1024K)]

Stack: [0x000000503f700000,0x000000503f800000]
Native frames: (J=compiled Java code, j=interpreted, Vv=VM code, C=native code)
V  [jvm.dll+0x6ce539]
V  [jvm.dll+0x85bf03]
V  [jvm.dll+0x85e45e]
V  [jvm.dll+0x85eb43]
V  [jvm.dll+0x27dd06]
V  [jvm.dll+0x6cada5]
V  [jvm.dll+0x6bf27a]
V  [jvm.dll+0x3541fb]
V  [jvm.dll+0x35be36]
V  [jvm.dll+0x3adbc6]
V  [jvm.dll+0x3ade98]
V  [jvm.dll+0x32691c]
V  [jvm.dll+0x32760b]
V  [jvm.dll+0x823959]
V  [jvm.dll+0x3bacf8]
V  [jvm.dll+0x80cd58]
V  [jvm.dll+0x44ef2e]
V  [jvm.dll+0x450691]
C  [jli.dll+0x52ab]
C  [ucrtbase.dll+0x21bb2]
C  [KERNEL32.DLL+0x17374]
C  [ntdll.dll+0x4cc91]


---------------  P R O C E S S  ---------------

Threads class SMR info:
_java_thread_list=0x00007ff87240a808, length=0, elements={
}

Java Threads: ( => current thread )
Total: 0

Other Threads:
  0x000001568df90be0 WorkerThread "GC Thread#0"                     [id=1224, stack(0x000000503f800000,0x000000503f900000) (1024K)]
  0x000001568dfa1700 ConcurrentGCThread "G1 Main Marker"            [id=1516, stack(0x000000503f900000,0x000000503fa00000) (1024K)]
  0x000001568dfa2370 WorkerThread "G1 Conc#0"                       [id=15196, stack(0x000000503fa00000,0x000000503fb00000) (1024K)]

[error occurred during error reporting (printing all threads), id 0xc0000005, EXCEPTION_ACCESS_VIOLATION (0xc0000005) at pc=0x00007ff871c09957]
VM state: not at safepoint (not fully initialized)

VM Mutex/Monitor currently owned by a thread:  ([mutex/lock_event])
[0x00007ff8724773f8] Heap_lock - owner thread: 0x000001568df43890

Heap address: 0x0000000082600000, size: 2010 MB, Compressed Oops mode: 32-bit

CDS archive(s) mapped at: [0x0000000000000000-0x0000000000000000-0x0000000000000000), size 0, SharedBaseAddress: 0x0000000800000000, ArchiveRelocationMode: 1.
Narrow klass base: 0x0000000000000000, Narrow klass shift: 0, Narrow klass range: 0x0

GC Precious Log:
 CardTable entry size: 512
 Card Set container configuration: InlinePtr #cards 5 size 8 Array Of Cards #cards 12 size 40 Howl #buckets 4 coarsen threshold 1843 Howl Bitmap #cards 512 size 80 coarsen threshold 460 Card regions per heap region 1 cards per card region 2048

Heap:
 garbage-first heap   total 0K, used 0K [0x0000000082600000, 0x0000000100000000)
  region size 1024K, 0 young (0K), 0 survivors (0K)
 Metaspace       used 0K, committed 0K, reserved 0K
  class space    used 0K, committed 0K, reserved 0K

Heap Regions: E=young(eden), S=young(survivor), O=old, HS=humongous(starts), HC=humongous(continues), CS=collection set, F=free, TAMS=top-at-mark-start, PB=parsable bottom

Card table byte_map: [0x00000156a07b0000,0x00000156a0ba0000] _byte_map_base: 0x00000156a039d000

Marking Bits: (CMBitMap*) 0x000001568df912e0
 Bits: [0x00000156a0ba0000, 0x00000156a2b08000)

GC Heap History (0 events):
No events

Dll operation events (1 events):
Event: 0.010 Loaded shared library C:\Program Files\Android\Android Studio\jbr\bin\java.dll

Deoptimization events (0 events):
No events

Classes loaded (0 events):
No events

Classes unloaded (0 events):
No events

Classes redefined (0 events):
No events

Internal exceptions (0 events):
No events

ZGC Phase Switch (0 events):
No events

VM Operations (0 events):
No events

Memory protections (0 events):
No events

Nmethod flushes (0 events):
No events

Events (0 events):
No events


Dynamic libraries:
0x00007ff698900000 - 0x00007ff69890a000 	C:\Program Files\Android\Android Studio\jbr\bin\java.exe
0x00007ff8ae810000 - 0x00007ff8aea08000 	C:\Windows\SYSTEM32\ntdll.dll
0x00007ff8ae6d0000 - 0x00007ff8ae792000 	C:\Windows\System32\KERNEL32.DLL
0x00007ff8abe80000 - 0x00007ff8ac17f000 	C:\Windows\System32\KERNELBASE.dll
0x00007ff8ac180000 - 0x00007ff8ac280000 	C:\Windows\System32\ucrtbase.dll
0x00007ff8a0d80000 - 0x00007ff8a0d98000 	C:\Program Files\Android\Android Studio\jbr\bin\jli.dll
0x00007ff8a7f30000 - 0x00007ff8a7f4b000 	C:\Program Files\Android\Android Studio\jbr\bin\VCRUNTIME140.dll
0x00007ff8ad890000 - 0x00007ff8ada2d000 	C:\Windows\System32\USER32.dll
0x00007ff8ac480000 - 0x00007ff8ac4a2000 	C:\Windows\System32\win32u.dll
0x00007ff897370000 - 0x00007ff89760a000 	C:\Windows\WinSxS\amd64_microsoft.windows.common-controls_6595b64144ccf1df_6.0.19041.4355_none_60b8b9eb71f62e16\COMCTL32.dll
0x00007ff8add80000 - 0x00007ff8addab000 	C:\Windows\System32\GDI32.dll
0x00007ff8ad790000 - 0x00007ff8ad82e000 	C:\Windows\System32\msvcrt.dll
0x00007ff8ac670000 - 0x00007ff8ac78a000 	C:\Windows\System32\gdi32full.dll
0x00007ff8ac3e0000 - 0x00007ff8ac47d000 	C:\Windows\System32\msvcp_win.dll
0x00007ff8ade20000 - 0x00007ff8ade4f000 	C:\Windows\System32\IMM32.DLL
0x00007ff8a8050000 - 0x00007ff8a805c000 	C:\Program Files\Android\Android Studio\jbr\bin\vcruntime140_1.dll
0x00007ff89fe90000 - 0x00007ff89ff1d000 	C:\Program Files\Android\Android Studio\jbr\bin\msvcp140.dll
0x00007ff8718d0000 - 0x00007ff872553000 	C:\Program Files\Android\Android Studio\jbr\bin\server\jvm.dll
0x00007ff8ad6e0000 - 0x00007ff8ad78f000 	C:\Windows\System32\ADVAPI32.dll
0x00007ff8ae430000 - 0x00007ff8ae4cf000 	C:\Windows\System32\sechost.dll
0x00007ff8ae4f0000 - 0x00007ff8ae613000 	C:\Windows\System32\RPCRT4.dll
0x00007ff8ac540000 - 0x00007ff8ac567000 	C:\Windows\System32\bcrypt.dll
0x00007ff8addb0000 - 0x00007ff8ade1b000 	C:\Windows\System32\WS2_32.dll
0x00007ff898c60000 - 0x00007ff898c87000 	C:\Windows\SYSTEM32\WINMM.dll
0x00007ff8a7b90000 - 0x00007ff8a7b9a000 	C:\Windows\SYSTEM32\VERSION.dll
0x00007ff8ab410000 - 0x00007ff8ab45b000 	C:\Windows\SYSTEM32\POWRPROF.dll
0x00007ff8ab280000 - 0x00007ff8ab292000 	C:\Windows\SYSTEM32\UMPDC.dll
0x00007ff8a9d00000 - 0x00007ff8a9d12000 	C:\Windows\SYSTEM32\kernel.appcore.dll
0x00007ff8a7fe0000 - 0x00007ff8a7fea000 	C:\Program Files\Android\Android Studio\jbr\bin\jimage.dll
0x00007ff8976c0000 - 0x00007ff8978a4000 	C:\Windows\SYSTEM32\DBGHELP.DLL
0x00007ff889690000 - 0x00007ff8896c4000 	C:\Windows\SYSTEM32\dbgcore.DLL
0x00007ff8ac4b0000 - 0x00007ff8ac532000 	C:\Windows\System32\bcryptPrimitives.dll
0x00007ff8a3d40000 - 0x00007ff8a3d60000 	C:\Program Files\Android\Android Studio\jbr\bin\java.dll

dbghelp: loaded successfully - version: 4.0.5 - missing functions: none
symbol engine: initialized successfully - sym options: 0x614 - pdb path: .;C:\Program Files\Android\Android Studio\jbr\bin;C:\Windows\SYSTEM32;C:\Windows\WinSxS\amd64_microsoft.windows.common-controls_6595b64144ccf1df_6.0.19041.4355_none_60b8b9eb71f62e16;C:\Program Files\Android\Android Studio\jbr\bin\server

VM Arguments:
java_command: git4idea.http.GitAskPassApp Username for 'https://github.com': 
java_class_path (initial): C:/Program Files/Android/Android Studio/plugins/vcs-git/lib/git4idea-rt.jar;C:/Program Files/Android/Android Studio/lib/externalProcess-rt.jar
Launcher Type: SUN_STANDARD

[Global flags]
     intx CICompilerCount                          = 4                                         {product} {ergonomic}
     uint ConcGCThreads                            = 2                                         {product} {ergonomic}
     uint G1ConcRefinementThreads                  = 8                                         {product} {ergonomic}
   size_t G1HeapRegionSize                         = 1048576                                   {product} {ergonomic}
    uintx GCDrainStackTargetSize                   = 64                                        {product} {ergonomic}
   size_t InitialHeapSize                          = 132120576                                 {product} {ergonomic}
   size_t MarkStackSize                            = 4194304                                   {product} {ergonomic}
   size_t MaxHeapSize                              = 2107637760                                {product} {ergonomic}
   size_t MinHeapDeltaBytes                        = 1048576                                   {product} {ergonomic}
   size_t MinHeapSize                              = 8388608                                   {product} {ergonomic}
    uintx NonNMethodCodeHeapSize                   = 5839372                                {pd product} {ergonomic}
    uintx NonProfiledCodeHeapSize                  = 122909434                              {pd product} {ergonomic}
    uintx ProfiledCodeHeapSize                     = 122909434                              {pd product} {ergonomic}
    uintx ReservedCodeCacheSize                    = 251658240                              {pd product} {ergonomic}
     bool SegmentedCodeCache                       = true                                      {product} {ergonomic}
   size_t SoftMaxHeapSize                          = 2107637760                             {manageable} {ergonomic}
     bool UseCompressedOops                        = true                           {product lp64_product} {ergonomic}
     bool UseG1GC                                  = true                                      {product} {ergonomic}
     bool UseLargePagesIndividualAllocation        = false                                  {pd product} {ergonomic}

Logging:
Log output configuration:
 #0: stdout all=warning uptime,level,tags foldmultilines=false
 #1: stderr all=off uptime,level,tags foldmultilines=false

Environment Variables:
PATH=C:\Program Files\Git\mingw64\libexec\git-core;C:\Program Files\Git\mingw64\libexec\git-core;C:\Program Files\Git\mingw64\bin;C:\Program Files\Git\usr\bin;C:\Users\user2\bin;C:\Windows\system32;C:\Windows;C:\Windows\System32\Wbem;C:\Windows\System32\WindowsPowerShell\v1.0;C:\Windows\System32\OpenSSH;C:\Program Files (x86)\NVIDIA Corporation\PhysX\Common;C:\Program Files\NVIDIA Corporation\NVIDIA NvDLISR;C:\Program Files\Git\cmd;C:\Users\user2\AppData\Local\Microsoft\WindowsApps
USERNAME=user2
DISPLAY=:0.0
LC_ALL=en_US.UTF-8
TERM=xterm-256color
TMPDIR=C:\Users\user2\AppData\Local\Temp
OS=Windows_NT
PROCESSOR_IDENTIFIER=Intel64 Family 6 Model 158 Stepping 10, GenuineIntel
TMP=C:\Users\user2\AppData\Local\Temp
TEMP=C:\Users\user2\AppData\Local\Temp




Periodic native trim disabled

JNI global refs:
JNI global refs: 0, weak refs: 0

JNI global refs memory usage: 0, weak refs: 0

Process memory usage:
Resident Set Size: 10744K (0% of 8229456K total physical memory with 319636K free physical memory)

OOME stack traces (most recent first):
Classloader memory used:

---------------  S Y S T E M  ---------------

OS:
 Windows 10 , 64 bit Build 19041 (10.0.19041.5440)
OS uptime: 4 days 1:34 hours

CPU: total 8 (initial active 8) (4 cores per cpu, 2 threads per core) family 6 model 158 stepping 10 microcode 0xb4, cx8, cmov, fxsr, ht, mmx, 3dnowpref, sse, sse2, sse3, ssse3, sse4.1, sse4.2, popcnt, lzcnt, tsc, tscinvbit, avx, avx2, aes, erms, clmul, bmi1, bmi2, adx, fma, vzeroupper, clflush, clflushopt, rdtscp, f16c
Processor Information for all 8 processors :
  Max Mhz: 2401, Current Mhz: 1900, Mhz Limit: 2376

Memory: 4k page, system-wide physical 8036M (312M free)
TotalPageFile size 16710M (AvailPageFile size 14M)
current process WorkingSet (physical memory assigned to process): 10M, peak: 10M
current process commit charge ("private bytes"): 60M, peak: 186M

vm_info: OpenJDK 64-Bit Server VM (21.0.4+-12508038-b607.1) for windows-amd64 JRE (21.0.4+-12508038-b607.1), built on 2024-10-16T17:23:34Z by "builder" with MS VC++ 16.10 / 16.11 (VS2019)

END.
